2024-08-21 17:30:37,278 src.masks INFO 2024-08-21 17:30:37,278 Получили номер карты
2024-08-21 17:30:37,279 src.masks INFO 2024-08-21 17:30:37,279 Получили скрытый номер карты
2024-08-21 17:30:37,280 src.masks INFO 2024-08-21 17:30:37,280 Получили номер карты
2024-08-21 17:30:37,280 src.masks INFO 2024-08-21 17:30:37,280 Получили скрытый номер карты
2024-08-21 17:30:37,281 src.masks INFO 2024-08-21 17:30:37,281 Получили номер карты
2024-08-21 17:30:37,281 src.masks INFO 2024-08-21 17:30:37,281 Получили скрытый номер карты
2024-08-21 17:30:37,282 src.masks INFO 2024-08-21 17:30:37,282 Получили номер карты
2024-08-21 17:30:37,282 src.masks INFO 2024-08-21 17:30:37,282 Получили скрытый номер карты
2024-08-21 17:30:37,282 src.masks INFO 2024-08-21 17:30:37,282 Получили номер карты
2024-08-21 17:30:37,283 src.masks INFO 2024-08-21 17:30:37,283 Получили скрытый номер карты
2024-08-21 17:30:37,283 src.masks INFO 2024-08-21 17:30:37,283 Получили номер карты
2024-08-21 17:30:37,284 src.masks INFO 2024-08-21 17:30:37,284 Получили скрытый номер карты
2024-08-21 17:30:37,284 src.masks INFO 2024-08-21 17:30:37,284 Получили номер карты
2024-08-21 17:30:37,285 src.masks INFO 2024-08-21 17:30:37,285 Получили скрытый номер карты
2024-08-21 17:30:37,285 src.masks INFO 2024-08-21 17:30:37,285 Получен номер аккаунта
2024-08-21 17:30:37,285 src.masks INFO 2024-08-21 17:30:37,285 Получили скрытый номер аккаунта
2024-08-21 17:30:37,286 src.masks INFO 2024-08-21 17:30:37,286 Получен номер аккаунта
2024-08-21 17:30:37,286 src.masks INFO 2024-08-21 17:30:37,286 Получили скрытый номер аккаунта
2024-08-21 17:30:37,287 src.masks INFO 2024-08-21 17:30:37,287 Получен номер аккаунта
2024-08-21 17:30:37,287 src.masks INFO 2024-08-21 17:30:37,287 Получили скрытый номер аккаунта
2024-08-21 17:30:37,288 src.masks INFO 2024-08-21 17:30:37,288 Получен номер аккаунта
2024-08-21 17:30:37,288 src.masks INFO 2024-08-21 17:30:37,288 Получили скрытый номер аккаунта
2024-08-21 17:30:37,289 src.masks INFO 2024-08-21 17:30:37,289 Получен номер аккаунта
2024-08-21 17:30:37,289 src.masks INFO 2024-08-21 17:30:37,289 Получили скрытый номер аккаунта
2024-08-21 17:30:37,290 src.masks INFO 2024-08-21 17:30:37,290 Получен номер аккаунта
2024-08-21 17:30:37,290 src.masks ERROR 2024-08-21 17:30:37,290 Неподходящий номер аккаунта
2024-08-21 17:30:37,291 src.masks INFO 2024-08-21 17:30:37,291 Получен номер аккаунта
2024-08-21 17:30:37,291 src.masks ERROR 2024-08-21 17:30:37,291 Неподходящий номер аккаунта
